app/build/outputs/logs/manifest-merger-debug-report.txt
-- Merging decision tree log ---
manifest
ADDED from src\main\AndroidManifest.xml:2:1-66:12
	xmlns:android
		ADDED from src\main\AndroidManifest.xml:2:11-69
	package
		ADDED from src\main\AndroidManifest.xml:3:7-49
		INJECTED from src\main\AndroidManifest.xml
		INJECTED from src\main\AndroidManifest.xml
	android:versionName
		ADDED from src\main\AndroidManifest.xml:5:7-32
	android:versionCode
		ADDED from src\main\AndroidManifest.xml:4:7-30
		INJECTED from src\main\AndroidManifest.xml
		INJECTED from src\main\AndroidManifest.xml
uses-sdk
ADDED from src\main\AndroidManifest.xml:6:5-43
	android:targetSdkVersion
		INJECTED from src\main\AndroidManifest.xml
		INJECTED from src\main\AndroidManifest.xml
	android:minSdkVersion
		ADDED from src\main\AndroidManifest.xml:6:15-40
		INJECTED from src\main\AndroidManifest.xml
		INJECTED from src\main\AndroidManifest.xml
application
ADDED from src\main\AndroidManifest.xml:8:5-65:19
	android:label
		ADDED from src\main\AndroidManifest.xml:8:51-83
	android:icon
		ADDED from src\main\AndroidManifest.xml:8:18-50
activity#com.xunfang.experiment.logistics.Main
ADDED from src\main\AndroidManifest.xml:16:3-22:20
	android:screenOrientation
		ADDED from src\main\AndroidManifest.xml:17:52-88
	android:label
		ADDED from src\main\AndroidManifest.xml:17:19-51
	android:theme
		ADDED from src\main\AndroidManifest.xml:16:34-67
	android:name
		ADDED from src\main\AndroidManifest.xml:16:13-33
intent-filter#android.intent.action.MAIN+android.intent.category.LAUNCHER
ADDED from src\main\AndroidManifest.xml:18:13-21:29
action#android.intent.action.MAIN
ADDED from src\main\AndroidManifest.xml:19:17-69
	android:name
		ADDED from src\main\AndroidManifest.xml:19:25-66
category#android.intent.category.LAUNCHER
ADDED from src\main\AndroidManifest.xml:20:17-77
	android:name
		ADDED from src\main\AndroidManifest.xml:20:27-74
activity#com.xunfang.experiment.logistics.LoginActivity
ADDED from src\main\AndroidManifest.xml:23:9-24:48
	android:screenOrientation
		ADDED from src\main\AndroidManifest.xml:24:10-46
	android:theme
		ADDED from src\main\AndroidManifest.xml:23:48-81
	android:name
		ADDED from src\main\AndroidManifest.xml:23:19-47
activity#com.xunfang.experiment.logistics.UserActivity
ADDED from src\main\AndroidManifest.xml:25:3-26:42
	android:screenOrientation
		ADDED from src\main\AndroidManifest.xml:26:4-40
	android:theme
		ADDED from src\main\AndroidManifest.xml:25:42-75
	android:name
		ADDED from src\main\AndroidManifest.xml:25:13-41
activity#com.xunfang.experiment.logistics.AddUserActivity
ADDED from src\main\AndroidManifest.xml:27:3-28:42
	android:screenOrientation
		ADDED from src\main\AndroidManifest.xml:28:4-40
	android:theme
		ADDED from src\main\AndroidManifest.xml:27:45-78
	android:name
		ADDED from src\main\AndroidManifest.xml:27:13-44
activity#com.xunfang.experiment.logistics.StationActivity
ADDED from src\main\AndroidManifest.xml:29:3-30:42
	android:screenOrientation
		ADDED from src\main\AndroidManifest.xml:30:4-40
	android:theme
		ADDED from src\main\AndroidManifest.xml:29:45-78
	android:name
		ADDED from src\main\AndroidManifest.xml:29:13-44
activity#com.xunfang.experiment.logistics.AddStationActivity
ADDED from src\main\AndroidManifest.xml:31:3-32:42
	android:screenOrientation
		ADDED from src\main\AndroidManifest.xml:32:4-40
	android:theme
		ADDED from src\main\AndroidManifest.xml:31:48-81
	android:name
		ADDED from src\main\AndroidManifest.xml:31:13-47
activity#com.xunfang.experiment.logistics.GoodsTypeActivity
ADDED from src\main\AndroidManifest.xml:33:3-34:42
	android:screenOrientation
		ADDED from src\main\AndroidManifest.xml:34:4-40
	android:theme
		ADDED from src\main\AndroidManifest.xml:33:47-80
	android:name
		ADDED from src\main\AndroidManifest.xml:33:13-46
activity#com.xunfang.experiment.logistics.AddGoodsTypeActivity
ADDED from src\main\AndroidManifest.xml:35:3-36:42
	android:screenOrientation
		ADDED from src\main\AndroidManifest.xml:36:4-40
	android:theme
		ADDED from src\main\AndroidManifest.xml:35:50-83
	android:name
		ADDED from src\main\AndroidManifest.xml:35:13-49
activity#com.xunfang.experiment.logistics.GoodsInfoActivity
ADDED from src\main\AndroidManifest.xml:37:3-38:42
	android:screenOrientation
		ADDED from src\main\AndroidManifest.xml:38:4-40
	android:theme
		ADDED from src\main\AndroidManifest.xml:37:47-80
	android:name
		ADDED from src\main\AndroidManifest.xml:37:13-46
activity#com.xunfang.experiment.logistics.AddGoodsInfoActivity
ADDED from src\main\AndroidManifest.xml:39:3-40:42
	android:screenOrientation
		ADDED from src\main\AndroidManifest.xml:40:4-40
	android:theme
		ADDED from src\main\AndroidManifest.xml:39:50-83
	android:name
		ADDED from src\main\AndroidManifest.xml:39:13-49
activity#com.xunfang.experiment.logistics.GoodsPackageActivity
ADDED from src\main\AndroidManifest.xml:41:3-42:42
	android:screenOrientation
		ADDED from src\main\AndroidManifest.xml:42:4-40
	android:theme
		ADDED from src\main\AndroidManifest.xml:41:50-83
	android:name
		ADDED from src\main\AndroidManifest.xml:41:13-49
activity#com.xunfang.experiment.logistics.GoodsFollowQueryActivity
ADDED from src\main\AndroidManifest.xml:43:3-44:42
	android:screenOrientation
		ADDED from src\main\AndroidManifest.xml:44:4-40
	android:theme
		ADDED from src\main\AndroidManifest.xml:43:54-87
	android:name
		ADDED from src\main\AndroidManifest.xml:43:13-53
activity#com.xunfang.experiment.logistics.GoodsFollowActivity
ADDED from src\main\AndroidManifest.xml:45:3-46:42
	android:screenOrientation
		ADDED from src\main\AndroidManifest.xml:46:4-40
	android:theme
		ADDED from src\main\AndroidManifest.xml:45:49-82
	android:name
		ADDED from src\main\AndroidManifest.xml:45:13-48
activity#com.xunfang.experiment.logistics.GoodsInorOutActivity
ADDED from src\main\AndroidManifest.xml:47:3-48:42
	android:screenOrientation
		ADDED from src\main\AndroidManifest.xml:48:4-40
	android:theme
		ADDED from src\main\AndroidManifest.xml:47:50-83
	android:name
		ADDED from src\main\AndroidManifest.xml:47:13-49
activity#com.xunfang.experiment.logistics.StationInActivity
ADDED from src\main\AndroidManifest.xml:49:3-50:42
	android:screenOrientation
		ADDED from src\main\AndroidManifest.xml:50:4-40
	android:theme
		ADDED from src\main\AndroidManifest.xml:49:47-80
	android:name
		ADDED from src\main\AndroidManifest.xml:49:13-46
activity#com.xunfang.experiment.logistics.StationOutActivity
ADDED from src\main\AndroidManifest.xml:51:3-52:42
	android:screenOrientation
		ADDED from src\main\AndroidManifest.xml:52:4-40
	android:theme
		ADDED from src\main\AndroidManifest.xml:51:48-81
	android:name
		ADDED from src\main\AndroidManifest.xml:51:13-47
activity#com.xunfang.experiment.logistics.DeliveryMain
ADDED from src\main\AndroidManifest.xml:53:3-54:42
	android:screenOrientation
		ADDED from src\main\AndroidManifest.xml:54:4-40
	android:theme
		ADDED from src\main\AndroidManifest.xml:53:42-75
	android:name
		ADDED from src\main\AndroidManifest.xml:53:13-41
activity#com.xunfang.experiment.logistics.DeliveryActivity
ADDED from src\main\AndroidManifest.xml:55:3-56:42
	android:screenOrientation
		ADDED from src\main\AndroidManifest.xml:56:4-40
	android:theme
		ADDED from src\main\AndroidManifest.xml:55:46-79
	android:name
		ADDED from src\main\AndroidManifest.xml:55:13-45
activity#com.xunfang.experiment.logistics.SignActivity
ADDED from src\main\AndroidManifest.xml:57:3-58:42
	android:screenOrientation
		ADDED from src\main\AndroidManifest.xml:58:4-40
	android:theme
		ADDED from src\main\AndroidManifest.xml:57:42-75
	android:name
		ADDED from src\main\AndroidManifest.xml:57:13-41
activity#com.xunfang.experiment.logistics.WaitforDeliveryActivity
ADDED from src\main\AndroidManifest.xml:59:3-60:42
	android:screenOrientation
		ADDED from src\main\AndroidManifest.xml:60:4-40
	android:theme
		ADDED from src\main\AndroidManifest.xml:59:53-86
	android:name
		ADDED from src\main\AndroidManifest.xml:59:13-52
activity#com.xunfang.experiment.logistics.SystemMgrMain
ADDED from src\main\AndroidManifest.xml:61:3-62:42
	android:screenOrientation
		ADDED from src\main\AndroidManifest.xml:62:4-40
	android:theme
		ADDED from src\main\AndroidManifest.xml:61:43-76
	android:name
		ADDED from src\main\AndroidManifest.xml:61:13-42
activity#com.xunfang.experiment.logistics.GoodsMgrMain
ADDED from src\main\AndroidManifest.xml:63:3-64:42
	android:screenOrientation
		ADDED from src\main\AndroidManifest.xml:64:4-40
	android:theme
		ADDED from src\main\AndroidManifest.xml:63:42-75
	android:name
		ADDED from src\main\AndroidManifest.xml:63:13-41